#
# There is insufficient memory for the Java Runtime Environment to continue.
# Native memory allocation (mmap) failed to map 266338304 bytes for G1 virtual space
# Possible reasons:
#   The system is out of physical RAM or swap space
#   The process is running with CompressedOops enabled, and the Java Heap may be blocking the growth of the native heap
# Possible solutions:
#   Reduce memory load on the system
#   Increase physical memory or swap space
#   Check if swap backing store is full
#   Decrease Java heap size (-Xmx/-Xms)
#   Decrease number of Java threads
#   Decrease Java thread stack sizes (-Xss)
#   Set larger code cache with -XX:ReservedCodeCacheSize=
#   JVM is running with Zero Based Compressed Oops mode in which the Java heap is
#     placed in the first 32GB address space. The Java Heap base address is the
#     maximum limit for the native heap growth. Please use -XX:HeapBaseMinAddress
#     to set the Java Heap base and to place the Java Heap above 32GB virtual address.
# This output file may be truncated or incomplete.
#
#  Out of Memory Error (os_windows.cpp:3825), pid=16652, tid=14720
#
# JRE version:  (17.0.9+8) (build )
# Java VM: OpenJDK 64-Bit Server VM (17.0.9+8-b1166.2, mixed mode, sharing, tiered, compressed oops, compressed class ptrs, g1 gc, windows-amd64)
# No core dump will be written. Minidumps are not enabled by default on client versions of Windows
#

---------------  S U M M A R Y ------------

Command Line: -Dmaven.multiModuleProjectDirectory=C:\Users\HP\IdeaProjects\workshop -Djansi.passthrough=true -Dmaven.home=C:\Program Files\JetBrains\IntelliJ IDEA 2023.3.3\plugins\maven\lib\maven3 -Dclassworlds.conf=C:\Program Files\JetBrains\IntelliJ IDEA 2023.3.3\plugins\maven\lib\maven3\bin\m2.conf -Dmaven.ext.class.path=C:\Program Files\JetBrains\IntelliJ IDEA 2023.3.3\plugins\maven\lib\maven-event-listener.jar -javaagent:C:\Program Files\JetBrains\IntelliJ IDEA 2023.3.3\lib\idea_rt.jar=56286:C:\Program Files\JetBrains\IntelliJ IDEA 2023.3.3\bin -Dfile.encoding=UTF-8 org.codehaus.classworlds.Launcher -Didea.version=2023.3.3 org.openjfx:javafx-maven-plugin:0.0.8:run

Host: Intel(R) Core(TM) i7-10750H CPU @ 2.60GHz, 12 cores, 15G,  Windows 10 , 64 bit Build 19041 (10.0.19041.3636)
Time: Wed Feb 28 18:55:57 2024 Afr. centrale Ouest elapsed time: 0.011697 seconds (0d 0h 0m 0s)

---------------  T H R E A D  ---------------

Current thread (0x000001b87fbafd30):  JavaThread "Unknown thread" [_thread_in_vm, id=14720, stack(0x00000011b7000000,0x00000011b7100000)]

Stack: [0x00000011b7000000,0x00000011b7100000]
Native frames: (J=compiled Java code, j=interpreted, Vv=VM code, C=native code)
V  [jvm.dll+0x688349]  os::platform_print_native_stack+0xd9  (os_windows_x86.cpp:235)
V  [jvm.dll+0x841bfa]  VMError::report+0xc6a  (vmError.cpp:855)
V  [jvm.dll+0x84383e]  VMError::report_and_die+0x78e  (vmError.cpp:1749)
V  [jvm.dll+0x843ea3]  VMError::report_and_die+0x43  (vmError.cpp:1535)
V  [jvm.dll+0x24bdef]  report_vm_out_of_memory+0x8f  (debug.cpp:321)
V  [jvm.dll+0x6850f9]  os::pd_commit_memory_or_exit+0xc9  (os_windows.cpp:3833)
V  [jvm.dll+0x67988a]  os::commit_memory_or_exit+0x2a  (os.cpp:1739)
V  [jvm.dll+0x30cbfb]  G1PageBasedVirtualSpace::commit+0x19b  (g1PageBasedVirtualSpace.cpp:204)
V  [jvm.dll+0x3140a6]  G1RegionsLargerThanCommitSizeMapper::commit_regions+0x96  (g1RegionToSpaceMapper.cpp:100)
V  [jvm.dll+0x363ede]  HeapRegionManager::expand_any+0xee  (heapRegionManager.cpp:363)
V  [jvm.dll+0x36410f]  HeapRegionManager::expand_by+0x7f  (heapRegionManager.cpp:380)
V  [jvm.dll+0x2e29c8]  G1CollectedHeap::expand+0xb8  (g1CollectedHeap.cpp:1298)
V  [jvm.dll+0x2e3934]  G1CollectedHeap::initialize+0x664  (g1CollectedHeap.cpp:1719)
V  [jvm.dll+0x812771]  universe_init+0xb1  (universe.cpp:736)
V  [jvm.dll+0x371d41]  init_globals+0x31  (init.cpp:124)
V  [jvm.dll+0x7f12bc]  Threads::create_vm+0x60c  (thread.cpp:2909)
V  [jvm.dll+0x3f59cf]  JNI_CreateJavaVM_inner+0x8f  (jni.cpp:3635)
V  [jvm.dll+0x3f7601]  JNI_CreateJavaVM+0x11  (jni.cpp:3727)
C  [jli.dll+0x528f]  JavaMain+0x113  (java.c:413)
C  [ucrtbase.dll+0x21bb2]
C  [KERNEL32.DLL+0x17344]
C  [ntdll.dll+0x526b1]


---------------  P R O C E S S  ---------------

Threads class SMR info:
_java_thread_list=0x00007ffece6ddf18, length=0, elements={
}

Java Threads: ( => current thread )

Other Threads:
  0x000001b87fc19bf0 GCTaskThread "GC Thread#0" [stack: 0x00000011b7100000,0x00000011b7200000] [id=24728]
  0x000001b87fc2b7e0 ConcurrentGCThread "G1 Main Marker" [stack: 0x00000011b7200000,0x00000011b7300000] [id=19568]
  0x000001b87fc2c9a0 ConcurrentGCThread "G1 Conc#0" [stack: 0x00000011b7300000,0x00000011b7400000] [id=22580]

[error occurred during error reporting (printing all threads), id 0xc0000005, EXCEPTION_ACCESS_VIOLATION (0xc0000005) at pc=0x00007ffecde93597]

VM state: not at safepoint (not fully initialized)

VM Mutex/Monitor currently owned by a thread:  ([mutex/lock_event])
[0x000001b87fbaae80] Heap_lock - owner thread: 0x000001b87fbafd30

Heap address: 0x0000000703600000, size: 4042 MB, Compressed Oops mode: Zero based, Oop shift amount: 3

CDS archive(s) mapped at: [0x0000000000000000-0x0000000000000000-0x0000000000000000), size 0, SharedBaseAddress: 0x0000000800000000, ArchiveRelocationMode: 1.
Narrow klass base: 0x0000000000000000, Narrow klass shift: 0, Narrow klass range: 0x0

GC Precious Log:
<Empty>

Heap:
 garbage-first heap   total 0K, used 0K [0x0000000703600000, 0x0000000800000000)
  region size 2048K, 0 young (0K), 0 survivors (0K)
 Metaspace       used 0K, committed 0K, reserved 0K
  class space    used 0K, committed 0K, reserved 0K

Heap Regions: E=young(eden), S=young(survivor), O=old, HS=humongous(starts), HC=humongous(continues), CS=collection set, F=free, OA=open archive, CA=closed archive, TAMS=top-at-mark-start (previous, next)

Card table byte_map: [0x000001b814530000,0x000001b814d20000] _byte_map_base: 0x000001b810d15000

Marking Bits (Prev, Next): (CMBitMap*) 0x000001b87fc1a210, (CMBitMap*) 0x000001b87fc1a250
 Prev Bits: [0x000001b815510000, 0x000001b819438000)
 Next Bits: [0x000001b819440000, 0x000001b81d368000)

GC Heap History (0 events):
No events

Dll operation events (1 events):
Event: 0.008 Loaded shared library C:\Users\HP\.jdks\jbr-17.0.9\bin\java.dll

Deoptimization events (0 events):
No events

Classes unloaded (0 events):
No events

Classes redefined (0 events):
No events

Internal exceptions (0 events):
No events

VM Operations (0 events):
No events

Events (0 events):
No events


Dynamic libraries:
0x00007ff795520000 - 0x00007ff79552a000 	C:\Users\HP\.jdks\jbr-17.0.9\bin\java.exe
0x00007fff26250000 - 0x00007fff26448000 	C:\windows\SYSTEM32\ntdll.dll
0x00007fff259b0000 - 0x00007fff25a6d000 	C:\windows\System32\KERNEL32.DLL
0x00007fff23a60000 - 0x00007fff23d56000 	C:\windows\System32\KERNELBASE.dll
0x00007fff23df0000 - 0x00007fff23ef0000 	C:\windows\System32\ucrtbase.dll
0x00007ffefede0000 - 0x00007ffefedfb000 	C:\Users\HP\.jdks\jbr-17.0.9\bin\VCRUNTIME140.dll
0x00007fff10800000 - 0x00007fff10817000 	C:\Users\HP\.jdks\jbr-17.0.9\bin\jli.dll
0x00007fff25ca0000 - 0x00007fff25e3e000 	C:\windows\System32\USER32.dll
0x00007fff0e520000 - 0x00007fff0e7ba000 	C:\windows\WinSxS\amd64_microsoft.windows.common-controls_6595b64144ccf1df_6.0.19041.3636_none_60b6a03d71f818d5\COMCTL32.dll
0x00007fff24060000 - 0x00007fff24082000 	C:\windows\System32\win32u.dll
0x00007fff257e0000 - 0x00007fff2587e000 	C:\windows\System32\msvcrt.dll
0x00007fff25750000 - 0x00007fff2577b000 	C:\windows\System32\GDI32.dll
0x00007fff23940000 - 0x00007fff23a57000 	C:\windows\System32\gdi32full.dll
0x00007fff24090000 - 0x00007fff2412d000 	C:\windows\System32\msvcp_win.dll
0x00007fff25b40000 - 0x00007fff25b72000 	C:\windows\System32\IMM32.DLL
0x00007fff1a080000 - 0x00007fff1a08c000 	C:\Users\HP\.jdks\jbr-17.0.9\bin\vcruntime140_1.dll
0x00007ffee8f90000 - 0x00007ffee901d000 	C:\Users\HP\.jdks\jbr-17.0.9\bin\msvcp140.dll
0x00007ffecdba0000 - 0x00007ffece822000 	C:\Users\HP\.jdks\jbr-17.0.9\bin\server\jvm.dll
0x00007fff24290000 - 0x00007fff24343000 	C:\windows\System32\ADVAPI32.dll
0x00007fff24db0000 - 0x00007fff24e4f000 	C:\windows\System32\sechost.dll
0x00007fff25880000 - 0x00007fff259a6000 	C:\windows\System32\RPCRT4.dll
0x00007fff23910000 - 0x00007fff23937000 	C:\windows\System32\bcrypt.dll
0x00007fff22e60000 - 0x00007fff22eab000 	C:\windows\SYSTEM32\POWRPROF.dll
0x00007fff0d230000 - 0x00007fff0d257000 	C:\windows\SYSTEM32\WINMM.dll
0x00007fff1a0b0000 - 0x00007fff1a0ba000 	C:\windows\SYSTEM32\VERSION.dll
0x00007fff20ce0000 - 0x00007fff20ce9000 	C:\windows\SYSTEM32\WSOCK32.dll
0x00007fff25a70000 - 0x00007fff25adb000 	C:\windows\System32\WS2_32.dll
0x00007fff22d20000 - 0x00007fff22d32000 	C:\windows\SYSTEM32\UMPDC.dll
0x00007fff22150000 - 0x00007fff22162000 	C:\windows\SYSTEM32\kernel.appcore.dll
0x00007fff107f0000 - 0x00007fff107fa000 	C:\Users\HP\.jdks\jbr-17.0.9\bin\jimage.dll
0x00007fff21570000 - 0x00007fff21754000 	C:\windows\SYSTEM32\DBGHELP.DLL
0x00007fff06050000 - 0x00007fff06084000 	C:\windows\SYSTEM32\dbgcore.DLL
0x00007fff23d60000 - 0x00007fff23de2000 	C:\windows\System32\bcryptPrimitives.dll
0x00007fff1f160000 - 0x00007fff1f16e000 	C:\Users\HP\.jdks\jbr-17.0.9\bin\instrument.dll
0x00007ffef8d00000 - 0x00007ffef8d25000 	C:\Users\HP\.jdks\jbr-17.0.9\bin\java.dll

dbghelp: loaded successfully - version: 4.0.5 - missing functions: none
symbol engine: initialized successfully - sym options: 0x614 - pdb path: .;C:\Users\HP\.jdks\jbr-17.0.9\bin;C:\windows\SYSTEM32;C:\windows\WinSxS\amd64_microsoft.windows.common-controls_6595b64144ccf1df_6.0.19041.3636_none_60b6a03d71f818d5;C:\Users\HP\.jdks\jbr-17.0.9\bin\server

VM Arguments:
jvm_args: -Dmaven.multiModuleProjectDirectory=C:\Users\HP\IdeaProjects\workshop -Djansi.passthrough=true -Dmaven.home=C:\Program Files\JetBrains\IntelliJ IDEA 2023.3.3\plugins\maven\lib\maven3 -Dclassworlds.conf=C:\Program Files\JetBrains\IntelliJ IDEA 2023.3.3\plugins\maven\lib\maven3\bin\m2.conf -Dmaven.ext.class.path=C:\Program Files\JetBrains\IntelliJ IDEA 2023.3.3\plugins\maven\lib\maven-event-listener.jar -javaagent:C:\Program Files\JetBrains\IntelliJ IDEA 2023.3.3\lib\idea_rt.jar=56286:C:\Program Files\JetBrains\IntelliJ IDEA 2023.3.3\bin -Dfile.encoding=UTF-8 
java_command: org.codehaus.classworlds.Launcher -Didea.version=2023.3.3 org.openjfx:javafx-maven-plugin:0.0.8:run
java_class_path (initial): C:\Program Files\JetBrains\IntelliJ IDEA 2023.3.3\plugins\maven\lib\maven3\boot\plexus-classworlds-2.7.0.jar;C:\Program Files\JetBrains\IntelliJ IDEA 2023.3.3\plugins\maven\lib\maven3\boot\plexus-classworlds.license
Launcher Type: SUN_STANDARD

[Global flags]
     intx CICompilerCount                          = 4                                         {product} {ergonomic}
     uint ConcGCThreads                            = 3                                         {product} {ergonomic}
     uint G1ConcRefinementThreads                  = 10                                        {product} {ergonomic}
   size_t G1HeapRegionSize                         = 2097152                                   {product} {ergonomic}
    uintx GCDrainStackTargetSize                   = 64                                        {product} {ergonomic}
   size_t InitialHeapSize                          = 266338304                                 {product} {ergonomic}
   size_t MarkStackSize                            = 4194304                                   {product} {ergonomic}
   size_t MaxHeapSize                              = 4238344192                                {product} {ergonomic}
   size_t MinHeapDeltaBytes                        = 2097152                                   {product} {ergonomic}
   size_t MinHeapSize                              = 8388608                                   {product} {ergonomic}
    uintx NonNMethodCodeHeapSize                   = 5839372                                {pd product} {ergonomic}
    uintx NonProfiledCodeHeapSize                  = 122909434                              {pd product} {ergonomic}
    uintx ProfiledCodeHeapSize                     = 122909434                              {pd product} {ergonomic}
    uintx ReservedCodeCacheSize                    = 251658240                              {pd product} {ergonomic}
     bool SegmentedCodeCache                       = true                                      {product} {ergonomic}
   size_t SoftMaxHeapSize                          = 4238344192                             {manageable} {ergonomic}
     bool UseCompressedClassPointers               = true                           {product lp64_product} {ergonomic}
     bool UseCompressedOops                        = true                           {product lp64_product} {ergonomic}
     bool UseG1GC                                  = true                                      {product} {ergonomic}
     bool UseLargePagesIndividualAllocation        = false                                  {pd product} {ergonomic}

Logging:
Log output configuration:
 #0: stdout all=warning uptime,level,tags
 #1: stderr all=off uptime,level,tags

Environment Variables:
PATH=C:\Program Files\Common Files\Oracle\Java\javapath;C:\ProgramData\Oracle\Java\javapath;C:\Program Files (x86)\VMware\VMware Player\bin\;C:\Program Files (x86)\Common Files\Intel\Shared Libraries\redist\intel64\compiler;C:\windows\system32;C:\windows;C:\windows\System32\Wbem;C:\windows\System32\WindowsPowerShell\v1.0\;C:\windows\System32\OpenSSH\;C:\Program Files (x86)\NVIDIA Corporation\PhysX\Common;C:\Program Files\NVIDIA Corporation\NVIDIA NvDLISR;C:\Program Files (x86)\codeblocks\MinGW\bin;C:\instantclient-12;C:\oraclexe;C:\oraclexe\app\oracle\admin\XE;C:\xampp\php;C:\ProgramData\ComposerSetup\bin;C:\Program Files\Git\cmd;C:\Program Files\Java\jdk-17\bin;C:\Users\HP\scoop\shims;C:\Users\HP\AppData\Local\Microsoft\WindowsApps;C:\Program Files\CodeBlocks\MinGW\bin;;C:\Users\HP\AppData\Local\Programs\Microsoft VS Code\bin;C:\Users\HP\AppData\Roaming\Composer\vendor\bin
USERNAME=HP
OS=Windows_NT
PROCESSOR_IDENTIFIER=Intel64 Family 6 Model 165 Stepping 2, GenuineIntel
TMP=C:\Users\HP\AppData\Local\Temp
TEMP=C:\Users\HP\AppData\Local\Temp



Periodic native trim disabled

JNI global refs:
JNI global refs: 0, weak refs: 0

JNI global refs memory usage: 0, weak refs: 0

OOME stack traces (most recent first):
Classloader memory used:


---------------  S Y S T E M  ---------------

OS:
 Windows 10 , 64 bit Build 19041 (10.0.19041.3636)
OS uptime: 6 days 19:35 hours

CPU: total 12 (initial active 12) (6 cores per cpu, 2 threads per core) family 6 model 165 stepping 2 microcode 0xf0, cx8, cmov, fxsr, ht, mmx, 3dnowpref, sse, sse2, sse3, ssse3, sse4.1, sse4.2, popcnt, lzcnt, tsc, tscinvbit, avx, avx2, aes, erms, clmul, bmi1, bmi2, adx, fma, vzeroupper, clflush, clflushopt
Processor Information for all 12 processors :
  Max Mhz: 2592, Current Mhz: 2592, Mhz Limit: 2592

Memory: 4k page, system-wide physical 16160M (2436M free)
TotalPageFile size 26067M (AvailPageFile size 32M)
current process WorkingSet (physical memory assigned to process): 37M, peak: 37M
current process commit charge ("private bytes"): 90M, peak: 318M

vm_info: OpenJDK 64-Bit Server VM (17.0.9+8-b1166.2) for windows-amd64 JRE (17.0.9+8-b1166.2), built on 2024-01-13 by "builduser" with MS VC++ 16.10 / 16.11 (VS2019)

END.
